Using pre-set license
Built from '2020.3/staging' branch; Version is '2020.3.29f1 (2ff179115da0) revision 3142009'; Using compiler version '192528614'; Build Type 'Release'
OS: 'Windows 10  (10.0.19044) 64bit Core' Language: 'en' Physical Memory: 12030 MB
BatchMode: 1, IsHumanControllingUs: 0, StartBugReporterOnCrash: 0, Is64bit: 1, IsPro: 0

COMMAND LINE ARGUMENTS:
C:\Program Files\Unity\Hub\Editor\2020.3.29f1\Editor\Unity.exe
-adb2
-batchMode
-noUpm
-name
AssetImportWorker0
-projectPath
C:/Users/Eloi/Documents/GitHub/CS213
-logFile
Logs/AssetImportWorker0.log
-srvPort
62403
Successfully changed project path to: C:/Users/Eloi/Documents/GitHub/CS213
C:/Users/Eloi/Documents/GitHub/CS213
Using Asset Import Pipeline V2.
Refreshing native plugins compatible for Editor in 100.14 ms, found 2 plugins.
Preloading 0 native plugins for Editor in 0.00 ms.
Initialize engine version: 2020.3.29f1 (2ff179115da0)
[Subsystems] Discovering subsystems at path C:/Program Files/Unity/Hub/Editor/2020.3.29f1/Editor/Data/Resources/UnitySubsystems
[Subsystems] Discovering subsystems at path C:/Users/Eloi/Documents/GitHub/CS213/Assets
GfxDevice: creating device client; threaded=0
Direct3D:
    Version:  Direct3D 11.0 [level 11.1]
    Renderer: Intel(R) Iris(R) Plus Graphics (ID=0x8a52)
    Vendor:   
    VRAM:     6015 MB
    Driver:   27.20.100.8280
Initialize mono
Mono path[0] = 'C:/Program Files/Unity/Hub/Editor/2020.3.29f1/Editor/Data/Managed'
Mono path[1] = 'C:/Program Files/Unity/Hub/Editor/2020.3.29f1/Editor/Data/MonoBleedingEdge/lib/mono/unityjit'
Mono config path = 'C:/Program Files/Unity/Hub/Editor/2020.3.29f1/Editor/Data/MonoBleedingEdge/etc'
Using monoOptions --debugger-agent=transport=dt_socket,embedding=1,server=y,suspend=n,address=127.0.0.1:56840
Begin MonoManager ReloadAssembly
Registering precompiled unity dll's ...
Register platform support module: C:/Program Files/Unity/Hub/Editor/2020.3.29f1/Editor/Data/PlaybackEngines/WebGLSupport/UnityEditor.WebGL.Extensions.dll
Register platform support module: C:/Program Files/Unity/Hub/Editor/2020.3.29f1/Editor/Data/PlaybackEngines/WindowsStandaloneSupport/UnityEditor.WindowsStandalone.Extensions.dll
Registered in 0.006580 seconds.
Native extension for WindowsStandalone target not found
Native extension for WebGL target not found
Refreshing native plugins compatible for Editor in 81.39 ms, found 2 plugins.
Preloading 0 native plugins for Editor in 0.00 ms.
Mono: successfully reloaded assembly
- Completed reload, in  1.523 seconds
Domain Reload Profiling:
	ReloadAssembly (1523ms)
		BeginReloadAssembly (209ms)
			ExecutionOrderSort (0ms)
			DisableScriptedObjects (0ms)
			BackupInstance (0ms)
			ReleaseScriptingObjects (0ms)
			CreateAndSetChildDomain (3ms)
		EndReloadAssembly (1110ms)
			LoadAssemblies (201ms)
			RebuildTransferFunctionScriptingTraits (0ms)
			SetupTypeCache (369ms)
			ReleaseScriptCaches (0ms)
			RebuildScriptCaches (75ms)
			SetupLoadedEditorAssemblies (368ms)
				LogAssemblyErrors (0ms)
				InitializePlatformSupportModulesInManaged (13ms)
				SetLoadedEditorAssemblies (0ms)
				RefreshPlugins (82ms)
				BeforeProcessingInitializeOnLoad (18ms)
				ProcessInitializeOnLoadAttributes (187ms)
				ProcessInitializeOnLoadMethodAttributes (68ms)
				AfterProcessingInitializeOnLoad (0ms)
				EditorAssembliesLoaded (0ms)
			ExecutionOrderSort2 (0ms)
			AwakeInstancesAfterBackupRestoration (0ms)
Platform modules already initialized, skipping
Registering precompiled user dll's ...
Registered in 0.006588 seconds.
Begin MonoManager ReloadAssembly
Native extension for WindowsStandalone target not found
Native extension for WebGL target not found
Refreshing native plugins compatible for Editor in 0.63 ms, found 2 plugins.
Preloading 0 native plugins for Editor in 0.00 ms.
Mono: successfully reloaded assembly
- Completed reload, in  2.311 seconds
Domain Reload Profiling:
	ReloadAssembly (2313ms)
		BeginReloadAssembly (342ms)
			ExecutionOrderSort (0ms)
			DisableScriptedObjects (9ms)
			BackupInstance (0ms)
			ReleaseScriptingObjects (0ms)
			CreateAndSetChildDomain (40ms)
		EndReloadAssembly (1830ms)
			LoadAssemblies (220ms)
			RebuildTransferFunctionScriptingTraits (0ms)
			SetupTypeCache (593ms)
			ReleaseScriptCaches (1ms)
			RebuildScriptCaches (107ms)
			SetupLoadedEditorAssemblies (718ms)
				LogAssemblyErrors (0ms)
				InitializePlatformSupportModulesInManaged (13ms)
				SetLoadedEditorAssemblies (1ms)
				RefreshPlugins (1ms)
				BeforeProcessingInitializeOnLoad (146ms)
				ProcessInitializeOnLoadAttributes (519ms)
				ProcessInitializeOnLoadMethodAttributes (21ms)
				AfterProcessingInitializeOnLoad (16ms)
				EditorAssembliesLoaded (1ms)
			ExecutionOrderSort2 (0ms)
			AwakeInstancesAfterBackupRestoration (14ms)
Platform modules already initialized, skipping
========================================================================
Worker process is ready to serve import requests
Launched and connected shader compiler UnityShaderCompiler.exe after 0.14 seconds
Refreshing native plugins compatible for Editor in 0.62 ms, found 2 plugins.
Preloading 0 native plugins for Editor in 0.00 ms.
Unloading 1556 Unused Serialized files (Serialized files now loaded: 0)
System memory in use before: 73.0 MB.
System memory in use after: 73.0 MB.

Unloading 16 unused Assets to reduce memory usage. Loaded Objects now: 1993.
Total: 6.531800 ms (FindLiveObjects: 0.257500 ms CreateObjectMapping: 0.082300 ms MarkObjects: 5.992600 ms  DeleteObjects: 0.196900 ms)

AssetImportParameters requested are different than current active one (requested -> active):
  custom:framework-win-MediaFoundation: 216162199b28c13a410421893ffa2e32 -> 
  custom:video-decoder-ogg-theora: a1e56fd34408186e4bbccfd4996cb3dc -> 
  custom:container-muxer-webm: aa71ff27fc2769a1b78a27578f13a17b -> 
  custom:container-demuxer-webm: 4f35f7cbe854078d1ac9338744f61a02 -> 
  custom:container-demuxer-ogg: 62fdf1f143b41e24485cea50d1cbac27 -> 
  custom:video-encoder-webm-vp8: eb34c28f22e8b96e1ab97ce403110664 -> 
  custom:video-codec-MediaFoundation-h265: 746d11721c4dcdbdad8f713fa42b33f4 -> 
  custom:video-decoder-webm-vp8: 9c59270c3fd7afecdb556c50c9e8de78 -> 
  custom:audio-decoder-ogg-vorbis: bf7c407c2cedff20999df2af8eb42d56 -> 
  custom:audio-encoder-webm-vorbis: bf7c407c2cedff20999df2af8eb42d56 -> 
========================================================================
Received Import Request.
  path: Assets/Audio
  artifactKey: Guid(74e20cb21bd63bf6eaeb5ec1b94960ca) Importer(815301076,1909f56bfc062723c751e8b465ee728b)
Start importing Assets/Audio using Guid(74e20cb21bd63bf6eaeb5ec1b94960ca) Importer(815301076,1909f56bfc062723c751e8b465ee728b)  -> (artifact id: '44335320520ea034085e70d1792750fd') in 0.033617 seconds 
  Import took 0.040538 seconds .

========================================================================
Received Import Request.
  Time since last request: 23.541936 seconds.
  path: Assets/Scenes
  artifactKey: Guid(b4c6096f431116f42a6386ad71a1b4fe) Importer(815301076,1909f56bfc062723c751e8b465ee728b)
Start importing Assets/Scenes using Guid(b4c6096f431116f42a6386ad71a1b4fe) Importer(815301076,1909f56bfc062723c751e8b465ee728b)  -> (artifact id: '5f8825d9c85aff9935a2c4b6f72dbc01') in 0.018262 seconds 
  Import took 0.025209 seconds .

========================================================================
Received Prepare
Refreshing native plugins compatible for Editor in 7.94 ms, found 2 plugins.
Preloading 0 native plugins for Editor in 0.00 ms.
Unloading 9 Unused Serialized files (Serialized files now loaded: 0)
System memory in use before: 40.5 MB.
System memory in use after: 40.6 MB.

Unloading 9 unused Assets to reduce memory usage. Loaded Objects now: 1993.
Total: 5.948000 ms (FindLiveObjects: 0.223500 ms CreateObjectMapping: 0.080100 ms MarkObjects: 5.601900 ms  DeleteObjects: 0.040200 ms)

AssetImportParameters requested are different than current active one (requested -> active):
  custom:framework-win-MediaFoundation: 216162199b28c13a410421893ffa2e32 -> 
  custom:video-decoder-ogg-theora: a1e56fd34408186e4bbccfd4996cb3dc -> 
  custom:container-muxer-webm: aa71ff27fc2769a1b78a27578f13a17b -> 
  custom:container-demuxer-webm: 4f35f7cbe854078d1ac9338744f61a02 -> 
  custom:container-demuxer-ogg: 62fdf1f143b41e24485cea50d1cbac27 -> 
  custom:video-encoder-webm-vp8: eb34c28f22e8b96e1ab97ce403110664 -> 
  custom:video-codec-MediaFoundation-h265: 746d11721c4dcdbdad8f713fa42b33f4 -> 
  custom:video-decoder-webm-vp8: 9c59270c3fd7afecdb556c50c9e8de78 -> 
  custom:audio-decoder-ogg-vorbis: bf7c407c2cedff20999df2af8eb42d56 -> 
  custom:audio-encoder-webm-vorbis: bf7c407c2cedff20999df2af8eb42d56 -> 
========================================================================
Received Import Request.
  Time since last request: 19.518313 seconds.
  path: Assets/Scenes/SpaceGhostSheepGame.unity
  artifactKey: Guid(a671e498e77eb4841ad9ec51955d89e4) Importer(815301076,1909f56bfc062723c751e8b465ee728b)
Start importing Assets/Scenes/SpaceGhostSheepGame.unity using Guid(a671e498e77eb4841ad9ec51955d89e4) Importer(815301076,1909f56bfc062723c751e8b465ee728b)  -> (artifact id: '1e5f47b25ba298f8f5ab26e0470a27aa') in 0.037551 seconds 
  Import took 0.043453 seconds .

========================================================================
Received Import Request.
  Time since last request: 20.770322 seconds.
  path: Assets/Prefabs
  artifactKey: Guid(e3b2c49c79a70f133a229e3ef2efedd3) Importer(815301076,1909f56bfc062723c751e8b465ee728b)
Start importing Assets/Prefabs using Guid(e3b2c49c79a70f133a229e3ef2efedd3) Importer(815301076,1909f56bfc062723c751e8b465ee728b)  -> (artifact id: '887e9cae9e0d997f707be856058fc386') in 0.024179 seconds 
  Import took 0.031061 seconds .

========================================================================
Received Import Request.
  Time since last request: 0.052518 seconds.
  path: Assets/Prefabs/MapCelluloManager.prefab
  artifactKey: Guid(6f5f6d7624c2ce5cc8896e584e30f1c5) Importer(815301076,1909f56bfc062723c751e8b465ee728b)
Start importing Assets/Prefabs/MapCelluloManager.prefab using Guid(6f5f6d7624c2ce5cc8896e584e30f1c5) Importer(815301076,1909f56bfc062723c751e8b465ee728b)  -> (artifact id: '07f0a591861d49696bb7844a6fd6a7fa') in 0.490656 seconds 
  Import took 0.498828 seconds .

========================================================================
Received Import Request.
  Time since last request: 1719.658304 seconds.
  path: Assets/Art
  artifactKey: Guid(fe15443941d37597491adc15c73527af) Importer(815301076,1909f56bfc062723c751e8b465ee728b)
Start importing Assets/Art using Guid(fe15443941d37597491adc15c73527af) Importer(815301076,1909f56bfc062723c751e8b465ee728b)  -> (artifact id: 'c3d11e6b73ab31be889147f773415f36') in 0.016736 seconds 
  Import took 0.025406 seconds .

========================================================================
Received Import Request.
  Time since last request: 0.053692 seconds.
  path: Assets/Art/boooo.png
  artifactKey: Guid(fb426768bb62d3a1bbd2f6b9f6c1a326) Importer(815301076,1909f56bfc062723c751e8b465ee728b)
Start importing Assets/Art/boooo.png using Guid(fb426768bb62d3a1bbd2f6b9f6c1a326) Importer(815301076,1909f56bfc062723c751e8b465ee728b)  -> (artifact id: 'a7e44232150b40bd629ba56ea8c702d5') in 0.197684 seconds 
  Import took 0.204075 seconds .

========================================================================
Received Import Request.
  Time since last request: 0.000419 seconds.
  path: Assets/Art/starbox 1.mat
  artifactKey: Guid(ce2aeefce4213e34eaeeb19d17b4dd3c) Importer(815301076,1909f56bfc062723c751e8b465ee728b)
Start importing Assets/Art/starbox 1.mat using Guid(ce2aeefce4213e34eaeeb19d17b4dd3c) Importer(815301076,1909f56bfc062723c751e8b465ee728b)  -> (artifact id: 'd0c2f78f5e63d89b3ac6dbb45111e6f4') in 0.182236 seconds 
  Import took 0.189698 seconds .

========================================================================
Received Import Request.
  Time since last request: 0.000366 seconds.
  path: Assets/Art/sheep.png
  artifactKey: Guid(b4f9e5555a365a6afb683444c733826f) Importer(815301076,1909f56bfc062723c751e8b465ee728b)
Start importing Assets/Art/sheep.png using Guid(b4f9e5555a365a6afb683444c733826f) Importer(815301076,1909f56bfc062723c751e8b465ee728b)  -> (artifact id: '2fec04ad27284ce1cbfed7ef4e85232e') in 0.055309 seconds 
  Import took 0.062528 seconds .

========================================================================
Received Import Request.
  Time since last request: 3.624506 seconds.
  path: Assets/Art/Particlecollection_Free samples/Texture/starbox.png
  artifactKey: Guid(fe095ce6b171a6547ad96df5989c2ad7) Importer(815301076,1909f56bfc062723c751e8b465ee728b)
Start importing Assets/Art/Particlecollection_Free samples/Texture/starbox.png using Guid(fe095ce6b171a6547ad96df5989c2ad7) Importer(815301076,1909f56bfc062723c751e8b465ee728b)  -> (artifact id: 'f0327c2bf269e33f9a1399b3bb606089') in 0.032554 seconds 
  Import took 0.038076 seconds .

========================================================================
Received Prepare
Registering precompiled user dll's ...
Registered in 0.006284 seconds.
Begin MonoManager ReloadAssembly
Native extension for WindowsStandalone target not found
Native extension for WebGL target not found
Refreshing native plugins compatible for Editor in 0.73 ms, found 2 plugins.
Preloading 0 native plugins for Editor in 0.00 ms.
Mono: successfully reloaded assembly
- Completed reload, in  2.062 seconds
Domain Reload Profiling:
	ReloadAssembly (2063ms)
		BeginReloadAssembly (247ms)
			ExecutionOrderSort (0ms)
			DisableScriptedObjects (8ms)
			BackupInstance (0ms)
			ReleaseScriptingObjects (0ms)
			CreateAndSetChildDomain (73ms)
		EndReloadAssembly (1679ms)
			LoadAssemblies (205ms)
			RebuildTransferFunctionScriptingTraits (0ms)
			SetupTypeCache (568ms)
			ReleaseScriptCaches (2ms)
			RebuildScriptCaches (86ms)
			SetupLoadedEditorAssemblies (635ms)
				LogAssemblyErrors (0ms)
				InitializePlatformSupportModulesInManaged (15ms)
				SetLoadedEditorAssemblies (1ms)
				RefreshPlugins (1ms)
				BeforeProcessingInitializeOnLoad (117ms)
				ProcessInitializeOnLoadAttributes (466ms)
				ProcessInitializeOnLoadMethodAttributes (21ms)
				AfterProcessingInitializeOnLoad (14ms)
				EditorAssembliesLoaded (1ms)
			ExecutionOrderSort2 (0ms)
			AwakeInstancesAfterBackupRestoration (15ms)
Platform modules already initialized, skipping
Refreshing native plugins compatible for Editor in 0.87 ms, found 2 plugins.
Preloading 0 native plugins for Editor in 0.00 ms.
Unloading 1530 Unused Serialized files (Serialized files now loaded: 0)
System memory in use before: 74.4 MB.
System memory in use after: 74.5 MB.

Unloading 17 unused Assets to reduce memory usage. Loaded Objects now: 2045.
Total: 5.496600 ms (FindLiveObjects: 0.233200 ms CreateObjectMapping: 0.083900 ms MarkObjects: 5.068600 ms  DeleteObjects: 0.108400 ms)

AssetImportParameters requested are different than current active one (requested -> active):
  custom:framework-win-MediaFoundation: 216162199b28c13a410421893ffa2e32 -> 
  custom:video-decoder-ogg-theora: a1e56fd34408186e4bbccfd4996cb3dc -> 
  custom:container-muxer-webm: aa71ff27fc2769a1b78a27578f13a17b -> 
  custom:container-demuxer-webm: 4f35f7cbe854078d1ac9338744f61a02 -> 
  custom:container-demuxer-ogg: 62fdf1f143b41e24485cea50d1cbac27 -> 
  custom:video-encoder-webm-vp8: eb34c28f22e8b96e1ab97ce403110664 -> 
  custom:video-codec-MediaFoundation-h265: 746d11721c4dcdbdad8f713fa42b33f4 -> 
  custom:video-decoder-webm-vp8: 9c59270c3fd7afecdb556c50c9e8de78 -> 
  custom:audio-decoder-ogg-vorbis: bf7c407c2cedff20999df2af8eb42d56 -> 
  custom:audio-encoder-webm-vorbis: bf7c407c2cedff20999df2af8eb42d56 -> 
========================================================================
Received Import Request.
  Time since last request: 427.198729 seconds.
  path: Assets/Prefabs/Foliage
  artifactKey: Guid(ee03c53290b4a3143834b295ecf54e10) Importer(815301076,1909f56bfc062723c751e8b465ee728b)
Start importing Assets/Prefabs/Foliage using Guid(ee03c53290b4a3143834b295ecf54e10) Importer(815301076,1909f56bfc062723c751e8b465ee728b)  -> (artifact id: '9a3c42342af37e3ff9a9b7b88bb6f5ff') in 0.024620 seconds 
  Import took 0.030134 seconds .

========================================================================
Received Import Request.
  Time since last request: 0.085070 seconds.
  path: Assets/Prefabs/Foliage/Tree Point Down.prefab
  artifactKey: Guid(dbe836a054f552f40920e331a2a2b469) Importer(815301076,1909f56bfc062723c751e8b465ee728b)
Start importing Assets/Prefabs/Foliage/Tree Point Down.prefab using Guid(dbe836a054f552f40920e331a2a2b469) Importer(815301076,1909f56bfc062723c751e8b465ee728b)  -> (artifact id: 'd9235d473b7266955abb72e0841da697') in 0.212180 seconds 
  Import took 0.218313 seconds .

========================================================================
Received Import Request.
  Time since last request: 0.000580 seconds.
  path: Assets/Prefabs/Foliage/Tree Point Up.prefab
  artifactKey: Guid(16b741745510a3f4c94d008b08f3b551) Importer(815301076,1909f56bfc062723c751e8b465ee728b)
Start importing Assets/Prefabs/Foliage/Tree Point Up.prefab using Guid(16b741745510a3f4c94d008b08f3b551) Importer(815301076,1909f56bfc062723c751e8b465ee728b)  -> (artifact id: '031926f3fd0f2a275695b3dda0755e8e') in 0.068767 seconds 
  Import took 0.075606 seconds .

========================================================================
Received Import Request.
  Time since last request: 0.000406 seconds.
  path: Assets/Prefabs/Foliage/Tree Sphere.prefab
  artifactKey: Guid(2cc1a8e1096b2874d8412b9f3378b1e4) Importer(815301076,1909f56bfc062723c751e8b465ee728b)
Start importing Assets/Prefabs/Foliage/Tree Sphere.prefab using Guid(2cc1a8e1096b2874d8412b9f3378b1e4) Importer(815301076,1909f56bfc062723c751e8b465ee728b)  -> (artifact id: '385a09f64497ccd1e1c094dce129613c') in 0.066110 seconds 
  Import took 0.072267 seconds .

========================================================================
Received Import Request.
  Time since last request: 316.775853 seconds.
  path: Assets/Art/Modular Pixel Forest/Materials/Foliage/Leaves Point Down Gold.mat
  artifactKey: Guid(fa84ba1d3d2e89e43809287f02ee538b) Importer(815301076,1909f56bfc062723c751e8b465ee728b)
Start importing Assets/Art/Modular Pixel Forest/Materials/Foliage/Leaves Point Down Gold.mat using Guid(fa84ba1d3d2e89e43809287f02ee538b) Importer(815301076,1909f56bfc062723c751e8b465ee728b)  -> (artifact id: 'cb37bc8810f338f539776b62296f0ca9') in 0.083153 seconds 
  Import took 0.090190 seconds .

========================================================================
Received Import Request.
  Time since last request: 0.000427 seconds.
  path: Assets/Art/Modular Pixel Forest/Materials/Foliage/Leaves Sphere Green.mat
  artifactKey: Guid(64528f61cdb4977458013c455394aac6) Importer(815301076,1909f56bfc062723c751e8b465ee728b)
Start importing Assets/Art/Modular Pixel Forest/Materials/Foliage/Leaves Sphere Green.mat using Guid(64528f61cdb4977458013c455394aac6) Importer(815301076,1909f56bfc062723c751e8b465ee728b)  -> (artifact id: '736f9880d12e6309adc5862f16e6b5fe') in 0.028808 seconds 
  Import took 0.037624 seconds .

========================================================================
Received Import Request.
  Time since last request: 0.000496 seconds.
  path: Assets/Art/Modular Pixel Forest/Materials/Foliage/Tree Trunk Birch.mat
  artifactKey: Guid(95b12564cda2162408b1dd32eb59da7e) Importer(815301076,1909f56bfc062723c751e8b465ee728b)
Start importing Assets/Art/Modular Pixel Forest/Materials/Foliage/Tree Trunk Birch.mat using Guid(95b12564cda2162408b1dd32eb59da7e) Importer(815301076,1909f56bfc062723c751e8b465ee728b)  -> (artifact id: 'ee1f8de7018cea3153fa0171a7bf78fc') in 0.054553 seconds 
  Import took 0.060701 seconds .

========================================================================
Received Import Request.
  Time since last request: 0.000281 seconds.
  path: Assets/Art/Modular Pixel Forest/Materials/Foliage/Leaves Point Up Green.mat
  artifactKey: Guid(00b091be6b2e5c646acfb4402f45fd5f) Importer(815301076,1909f56bfc062723c751e8b465ee728b)
Start importing Assets/Art/Modular Pixel Forest/Materials/Foliage/Leaves Point Up Green.mat using Guid(00b091be6b2e5c646acfb4402f45fd5f) Importer(815301076,1909f56bfc062723c751e8b465ee728b)  -> (artifact id: '0f4ad8b80265d9acd08ebd538a2187b0') in 0.036120 seconds 
  Import took 0.042595 seconds .

========================================================================
Received Import Request.
  Time since last request: 0.000324 seconds.
  path: Assets/Art/Modular Pixel Forest/Materials/Foliage/Tree Trunk Pine.mat
  artifactKey: Guid(5e283233d7a7d654eac3e86fe6585598) Importer(815301076,1909f56bfc062723c751e8b465ee728b)
Start importing Assets/Art/Modular Pixel Forest/Materials/Foliage/Tree Trunk Pine.mat using Guid(5e283233d7a7d654eac3e86fe6585598) Importer(815301076,1909f56bfc062723c751e8b465ee728b)  -> (artifact id: '05e525b4a091aed25b0ca1c37322b983') in 0.038332 seconds 
  Import took 0.043679 seconds .

========================================================================
Received Import Request.
  Time since last request: 0.000368 seconds.
  path: Assets/Art/Modular Pixel Forest/Materials/Foliage/Leaves Point Down Red.mat
  artifactKey: Guid(daf70e5a54725e84ea7bd763e9ddc779) Importer(815301076,1909f56bfc062723c751e8b465ee728b)
Start importing Assets/Art/Modular Pixel Forest/Materials/Foliage/Leaves Point Down Red.mat using Guid(daf70e5a54725e84ea7bd763e9ddc779) Importer(815301076,1909f56bfc062723c751e8b465ee728b)  -> (artifact id: '9656d65554001a5437806239c7e2d542') in 0.052019 seconds 
  Import took 0.059088 seconds .

========================================================================
Received Import Request.
  Time since last request: 0.000416 seconds.
  path: Assets/Art/Modular Pixel Forest/Materials/Foliage/Leaves Point Up Snow.mat
  artifactKey: Guid(98ea140491ff32e42848ff0ea485de74) Importer(815301076,1909f56bfc062723c751e8b465ee728b)
Start importing Assets/Art/Modular Pixel Forest/Materials/Foliage/Leaves Point Up Snow.mat using Guid(98ea140491ff32e42848ff0ea485de74) Importer(815301076,1909f56bfc062723c751e8b465ee728b)  -> (artifact id: 'bd939eb548eb1c2615fffff82f9db77d') in 0.047283 seconds 
  Import took 0.053319 seconds .

========================================================================
Received Import Request.
  Time since last request: 0.000414 seconds.
  path: Assets/Art/Modular Pixel Forest/Materials/Foliage/Leaves Point Down Pink.mat
  artifactKey: Guid(d07f6a337ec4da848acc44561bb4ab52) Importer(815301076,1909f56bfc062723c751e8b465ee728b)
Start importing Assets/Art/Modular Pixel Forest/Materials/Foliage/Leaves Point Down Pink.mat using Guid(d07f6a337ec4da848acc44561bb4ab52) Importer(815301076,1909f56bfc062723c751e8b465ee728b)  -> (artifact id: '524d60a1de335e1fb2ecd458a2056198') in 0.048981 seconds 
  Import took 0.054804 seconds .

========================================================================
Received Import Request.
  Time since last request: 0.001022 seconds.
  path: Assets/Art/Modular Pixel Forest/Materials/Foliage/Leaves Point Up Red.mat
  artifactKey: Guid(aeb50d1656cf6b5449bbbcec26b61c3b) Importer(815301076,1909f56bfc062723c751e8b465ee728b)
Start importing Assets/Art/Modular Pixel Forest/Materials/Foliage/Leaves Point Up Red.mat using Guid(aeb50d1656cf6b5449bbbcec26b61c3b) Importer(815301076,1909f56bfc062723c751e8b465ee728b)  -> (artifact id: '178358b6eb9107489e575ccd52dbf888') in 0.052464 seconds 
  Import took 0.057684 seconds .

========================================================================
Received Import Request.
  Time since last request: 0.000400 seconds.
  path: Assets/Art/Modular Pixel Forest/Materials/Foliage/Leaves Point Down Snow.mat
  artifactKey: Guid(1ae06e37c3a32ff49af4cf8f839846d5) Importer(815301076,1909f56bfc062723c751e8b465ee728b)
Start importing Assets/Art/Modular Pixel Forest/Materials/Foliage/Leaves Point Down Snow.mat using Guid(1ae06e37c3a32ff49af4cf8f839846d5) Importer(815301076,1909f56bfc062723c751e8b465ee728b)  -> (artifact id: '4c378962a0b0de84c480fe29ce89d714') in 0.052008 seconds 
  Import took 0.056681 seconds .

========================================================================
Received Import Request.
  Time since last request: 0.000456 seconds.
  path: Assets/Art/Modular Pixel Forest/Materials/Foliage/Leaves Point Down Green.mat
  artifactKey: Guid(f79177218f59a2c488f0e57d2b1b283a) Importer(815301076,1909f56bfc062723c751e8b465ee728b)
Start importing Assets/Art/Modular Pixel Forest/Materials/Foliage/Leaves Point Down Green.mat using Guid(f79177218f59a2c488f0e57d2b1b283a) Importer(815301076,1909f56bfc062723c751e8b465ee728b)  -> (artifact id: '9ebfc35485a43ebc503401564553e8b7') in 0.031745 seconds 
  Import took 0.037002 seconds .

========================================================================
Received Import Request.
  Time since last request: 0.000401 seconds.
  path: Assets/Art/Modular Pixel Forest/Materials/Foliage/Leaves Point Up Pink.mat
  artifactKey: Guid(5db917913c2fba743affcf92dc67a80d) Importer(815301076,1909f56bfc062723c751e8b465ee728b)
Start importing Assets/Art/Modular Pixel Forest/Materials/Foliage/Leaves Point Up Pink.mat using Guid(5db917913c2fba743affcf92dc67a80d) Importer(815301076,1909f56bfc062723c751e8b465ee728b)  -> (artifact id: 'ce182c097090812ef7d22c737c2a08c1') in 0.058148 seconds 
  Import took 0.064075 seconds .

========================================================================
Received Import Request.
  Time since last request: 0.000402 seconds.
  path: Assets/Art/Modular Pixel Forest/Materials/Foliage/Leaves Sphere Gold.mat
  artifactKey: Guid(68983c34d37c6d24b9bc6c4e4d8190ae) Importer(815301076,1909f56bfc062723c751e8b465ee728b)
Start importing Assets/Art/Modular Pixel Forest/Materials/Foliage/Leaves Sphere Gold.mat using Guid(68983c34d37c6d24b9bc6c4e4d8190ae) Importer(815301076,1909f56bfc062723c751e8b465ee728b)  -> (artifact id: '54a8d24e69d3f0f8aa80d8351aaf5c78') in 0.049231 seconds 
  Import took 0.055439 seconds .

========================================================================
Received Import Request.
  Time since last request: 0.000425 seconds.
  path: Assets/Art/Modular Pixel Forest/Materials/Foliage/Leaves Sphere Pink.mat
  artifactKey: Guid(68c350d799652cb4e9a8d4db62ffe658) Importer(815301076,1909f56bfc062723c751e8b465ee728b)
Start importing Assets/Art/Modular Pixel Forest/Materials/Foliage/Leaves Sphere Pink.mat using Guid(68c350d799652cb4e9a8d4db62ffe658) Importer(815301076,1909f56bfc062723c751e8b465ee728b)  -> (artifact id: 'e3a1bfe0a6f21342b791f1abceb22ece') in 0.051506 seconds 
  Import took 0.059509 seconds .

========================================================================
Received Import Request.
  Time since last request: 0.000476 seconds.
  path: Assets/Art/Modular Pixel Forest/Materials/Foliage/Leaves Point Up Gold.mat
  artifactKey: Guid(eeaa9aa506daca442870f12055f3103e) Importer(815301076,1909f56bfc062723c751e8b465ee728b)
Start importing Assets/Art/Modular Pixel Forest/Materials/Foliage/Leaves Point Up Gold.mat using Guid(eeaa9aa506daca442870f12055f3103e) Importer(815301076,1909f56bfc062723c751e8b465ee728b)  -> (artifact id: 'cd3c9325eb0614745b9dc1bdfa51c06d') in 0.056983 seconds 
  Import took 0.062521 seconds .

========================================================================
Received Import Request.
  Time since last request: 0.000440 seconds.
  path: Assets/Art/Modular Pixel Forest/Materials/Foliage/Leaves Sphere Red.mat
  artifactKey: Guid(5fae03ed2774e934fa1c8b01798be9cf) Importer(815301076,1909f56bfc062723c751e8b465ee728b)
Start importing Assets/Art/Modular Pixel Forest/Materials/Foliage/Leaves Sphere Red.mat using Guid(5fae03ed2774e934fa1c8b01798be9cf) Importer(815301076,1909f56bfc062723c751e8b465ee728b)  -> (artifact id: '05f7d88af47289c82a9b6ccfb8df04ae') in 0.054958 seconds 
  Import took 0.060729 seconds .

========================================================================
Received Import Request.
  Time since last request: 0.000432 seconds.
  path: Assets/Art/Modular Pixel Forest/Materials/Foliage/Leaves Sphere Snow.mat
  artifactKey: Guid(2b59fba0a2bedc849a538eccbc6bded3) Importer(815301076,1909f56bfc062723c751e8b465ee728b)
Start importing Assets/Art/Modular Pixel Forest/Materials/Foliage/Leaves Sphere Snow.mat using Guid(2b59fba0a2bedc849a538eccbc6bded3) Importer(815301076,1909f56bfc062723c751e8b465ee728b)  -> (artifact id: '0d84414512f796541572331301091eb5') in 0.051747 seconds 
  Import took 0.057336 seconds .

========================================================================
Received Import Request.
  Time since last request: 0.000417 seconds.
  path: Assets/Art/Modular Pixel Forest/Materials/Foliage/Tree Trunk Oak.mat
  artifactKey: Guid(8ad7a7ec59ed9084189112ac60f396c5) Importer(815301076,1909f56bfc062723c751e8b465ee728b)
Start importing Assets/Art/Modular Pixel Forest/Materials/Foliage/Tree Trunk Oak.mat using Guid(8ad7a7ec59ed9084189112ac60f396c5) Importer(815301076,1909f56bfc062723c751e8b465ee728b)  -> (artifact id: '2664da40c672fa0edfb4128a1bdc4043') in 0.055952 seconds 
  Import took 0.062154 seconds .

========================================================================
Received Import Request.
  Time since last request: 287.344546 seconds.
  path: Assets/Art/Modular Pixel Forest/Materials/Props
  artifactKey: Guid(2f44a25300971f543b2506b818573d18) Importer(815301076,1909f56bfc062723c751e8b465ee728b)
Start importing Assets/Art/Modular Pixel Forest/Materials/Props using Guid(2f44a25300971f543b2506b818573d18) Importer(815301076,1909f56bfc062723c751e8b465ee728b)  -> (artifact id: '5a92d948f2e845a6d9d7b1d42a8925cf') in 0.016254 seconds 
  Import took 0.026970 seconds .

========================================================================
Received Import Request.
  Time since last request: 0.153257 seconds.
  path: Assets/Art/Modular Pixel Forest/Materials/Props/Boulder Snow.mat
  artifactKey: Guid(7896ce29a4fe32048a0d3de8aded6e45) Importer(815301076,1909f56bfc062723c751e8b465ee728b)
Start importing Assets/Art/Modular Pixel Forest/Materials/Props/Boulder Snow.mat using Guid(7896ce29a4fe32048a0d3de8aded6e45) Importer(815301076,1909f56bfc062723c751e8b465ee728b)  -> (artifact id: '890ad728d42f4d9c0e4bd0b535f20b63') in 0.067035 seconds 
  Import took 0.074041 seconds .

========================================================================
Received Import Request.
  Time since last request: 0.000437 seconds.
  path: Assets/Art/Modular Pixel Forest/Materials/Props/Sign Arrow.mat
  artifactKey: Guid(e2956cf06e3662348b81cdbd1b458a0d) Importer(815301076,1909f56bfc062723c751e8b465ee728b)
Start importing Assets/Art/Modular Pixel Forest/Materials/Props/Sign Arrow.mat using Guid(e2956cf06e3662348b81cdbd1b458a0d) Importer(815301076,1909f56bfc062723c751e8b465ee728b)  -> (artifact id: '55d3a81bb510f87b22983fbb100dfede') in 0.054596 seconds 
  Import took 0.061185 seconds .

========================================================================
Received Import Request.
  Time since last request: 0.000521 seconds.
  path: Assets/Art/Modular Pixel Forest/Materials/Props/Fence Post.mat
  artifactKey: Guid(4c3db3f3fe50e754e8021ea7059d3bd9) Importer(815301076,1909f56bfc062723c751e8b465ee728b)
Start importing Assets/Art/Modular Pixel Forest/Materials/Props/Fence Post.mat using Guid(4c3db3f3fe50e754e8021ea7059d3bd9) Importer(815301076,1909f56bfc062723c751e8b465ee728b)  -> (artifact id: 'ed2a289fd8a2fc03ae37bae3c397a73b') in 0.066058 seconds 
  Import took 0.073252 seconds .

========================================================================
Received Import Request.
  Time since last request: 0.000489 seconds.
  path: Assets/Art/Modular Pixel Forest/Materials/Props/Fence Rail.mat
  artifactKey: Guid(a06930feeb71fbe489c60367d3859706) Importer(815301076,1909f56bfc062723c751e8b465ee728b)
Start importing Assets/Art/Modular Pixel Forest/Materials/Props/Fence Rail.mat using Guid(a06930feeb71fbe489c60367d3859706) Importer(815301076,1909f56bfc062723c751e8b465ee728b)  -> (artifact id: '9140d32bf74222701f1b37fa7ad604fd') in 0.058501 seconds 
  Import took 0.065776 seconds .

========================================================================
Received Import Request.
  Time since last request: 0.000415 seconds.
  path: Assets/Art/Modular Pixel Forest/Materials/Props/Crate Snow.mat
  artifactKey: Guid(dbf3d8a3a40a1764b83f0b65ce0eded9) Importer(815301076,1909f56bfc062723c751e8b465ee728b)
Start importing Assets/Art/Modular Pixel Forest/Materials/Props/Crate Snow.mat using Guid(dbf3d8a3a40a1764b83f0b65ce0eded9) Importer(815301076,1909f56bfc062723c751e8b465ee728b)  -> (artifact id: 'fb05ccd86c0b97ea008c2c0b6f8addcc') in 0.058920 seconds 
  Import took 0.064860 seconds .

========================================================================
Received Import Request.
  Time since last request: 0.000722 seconds.
  path: Assets/Art/Modular Pixel Forest/Materials/Props/Fence Post Snow.mat
  artifactKey: Guid(307e13bfdc8685d40a5f251e46483bf4) Importer(815301076,1909f56bfc062723c751e8b465ee728b)
Start importing Assets/Art/Modular Pixel Forest/Materials/Props/Fence Post Snow.mat using Guid(307e13bfdc8685d40a5f251e46483bf4) Importer(815301076,1909f56bfc062723c751e8b465ee728b)  -> (artifact id: '270a9825210a54c31b08f869397c35f0') in 0.067770 seconds 
  Import took 0.075034 seconds .

========================================================================
Received Import Request.
  Time since last request: 0.000447 seconds.
  path: Assets/Art/Modular Pixel Forest/Materials/Props/Fence Rail Snow.mat
  artifactKey: Guid(88421fa3ae51afc409777b12277bca15) Importer(815301076,1909f56bfc062723c751e8b465ee728b)
Start importing Assets/Art/Modular Pixel Forest/Materials/Props/Fence Rail Snow.mat using Guid(88421fa3ae51afc409777b12277bca15) Importer(815301076,1909f56bfc062723c751e8b465ee728b)  -> (artifact id: 'ee79b74055eceb89680827e044d6525e') in 0.061220 seconds 
  Import took 0.067304 seconds .

========================================================================
Received Import Request.
  Time since last request: 0.000356 seconds.
  path: Assets/Art/Modular Pixel Forest/Materials/Props/Sign Help.mat
  artifactKey: Guid(e2f245a6d5f07a943b5609f7edefdb9f) Importer(815301076,1909f56bfc062723c751e8b465ee728b)
Start importing Assets/Art/Modular Pixel Forest/Materials/Props/Sign Help.mat using Guid(e2f245a6d5f07a943b5609f7edefdb9f) Importer(815301076,1909f56bfc062723c751e8b465ee728b)  -> (artifact id: '0a4ec1c1da9ef610870f5acac8df02ee') in 0.055231 seconds 
  Import took 0.062539 seconds .

========================================================================
Received Import Request.
  Time since last request: 0.000429 seconds.
  path: Assets/Art/Modular Pixel Forest/Materials/Props/Boulder.mat
  artifactKey: Guid(ec5c522c89971374d9fade62781b3117) Importer(815301076,1909f56bfc062723c751e8b465ee728b)
Start importing Assets/Art/Modular Pixel Forest/Materials/Props/Boulder.mat using Guid(ec5c522c89971374d9fade62781b3117) Importer(815301076,1909f56bfc062723c751e8b465ee728b)  -> (artifact id: '3a969f0fe0a1384f4f517acf3067fd1a') in 0.067694 seconds 
  Import took 0.074544 seconds .

========================================================================
Received Import Request.
  Time since last request: 0.000727 seconds.
  path: Assets/Art/Modular Pixel Forest/Materials/Props/Sign Blank.mat
  artifactKey: Guid(ac71bec3567be5a4191fccd4664ee587) Importer(815301076,1909f56bfc062723c751e8b465ee728b)
Start importing Assets/Art/Modular Pixel Forest/Materials/Props/Sign Blank.mat using Guid(ac71bec3567be5a4191fccd4664ee587) Importer(815301076,1909f56bfc062723c751e8b465ee728b)  -> (artifact id: 'b722291e709990887a80cebbcc6ae2b9') in 0.051369 seconds 
  Import took 0.058047 seconds .

========================================================================
Received Import Request.
  Time since last request: 0.000390 seconds.
  path: Assets/Art/Modular Pixel Forest/Materials/Props/Crate.mat
  artifactKey: Guid(ead9dcc13192f0c458a47f7f5be93b61) Importer(815301076,1909f56bfc062723c751e8b465ee728b)
Start importing Assets/Art/Modular Pixel Forest/Materials/Props/Crate.mat using Guid(ead9dcc13192f0c458a47f7f5be93b61) Importer(815301076,1909f56bfc062723c751e8b465ee728b)  -> (artifact id: '4a05b02ed2fc795aa6c9705ec1d373bd') in 0.062455 seconds 
  Import took 0.068375 seconds .

========================================================================
Received Import Request.
  Time since last request: 2.444700 seconds.
  path: Assets/Art/Modular Pixel Forest/Materials/Terrain
  artifactKey: Guid(d5cf130d999427440b18c5f42fe63f6f) Importer(815301076,1909f56bfc062723c751e8b465ee728b)
Start importing Assets/Art/Modular Pixel Forest/Materials/Terrain using Guid(d5cf130d999427440b18c5f42fe63f6f) Importer(815301076,1909f56bfc062723c751e8b465ee728b)  -> (artifact id: '73654da2cdcc9d0281f302ab5c2ac6d3') in 0.025211 seconds 
  Import took 0.030923 seconds .

========================================================================
Received Import Request.
  Time since last request: 0.071709 seconds.
  path: Assets/Art/Modular Pixel Forest/Materials/Terrain/Dirt Block Center.mat
  artifactKey: Guid(34c3d60564122c64d93ff279bb615b13) Importer(815301076,1909f56bfc062723c751e8b465ee728b)
Start importing Assets/Art/Modular Pixel Forest/Materials/Terrain/Dirt Block Center.mat using Guid(34c3d60564122c64d93ff279bb615b13) Importer(815301076,1909f56bfc062723c751e8b465ee728b)  -> (artifact id: '41637d772e33b2cdef8f51f34d87d485') in 0.050231 seconds 
  Import took 0.056696 seconds .

========================================================================
Received Import Request.
  Time since last request: 0.000472 seconds.
  path: Assets/Art/Modular Pixel Forest/Materials/Terrain/Dirt Ramp.mat
  artifactKey: Guid(51e608eb58a23784bb9203e487d4cd0b) Importer(815301076,1909f56bfc062723c751e8b465ee728b)
Start importing Assets/Art/Modular Pixel Forest/Materials/Terrain/Dirt Ramp.mat using Guid(51e608eb58a23784bb9203e487d4cd0b) Importer(815301076,1909f56bfc062723c751e8b465ee728b)  -> (artifact id: 'd7681ab7f11efda3125821c9b0a1583f') in 0.051301 seconds 
  Import took 0.057726 seconds .

========================================================================
Received Import Request.
  Time since last request: 0.000334 seconds.
  path: Assets/Art/Modular Pixel Forest/Materials/Terrain/Water.mat
  artifactKey: Guid(bd5fe5b2159df6945b1dff710206d655) Importer(815301076,1909f56bfc062723c751e8b465ee728b)
Start importing Assets/Art/Modular Pixel Forest/Materials/Terrain/Water.mat using Guid(bd5fe5b2159df6945b1dff710206d655) Importer(815301076,1909f56bfc062723c751e8b465ee728b)  -> (artifact id: '99b1defa071733bb40980afc82bf11dc') in 0.052208 seconds 
  Import took 0.059269 seconds .

========================================================================
Received Import Request.
  Time since last request: 0.000610 seconds.
  path: Assets/Art/Modular Pixel Forest/Materials/Terrain/Grass Block Green.mat
  artifactKey: Guid(627b02bf528697b4f801e33763e96b5d) Importer(815301076,1909f56bfc062723c751e8b465ee728b)
Start importing Assets/Art/Modular Pixel Forest/Materials/Terrain/Grass Block Green.mat using Guid(627b02bf528697b4f801e33763e96b5d) Importer(815301076,1909f56bfc062723c751e8b465ee728b)  -> (artifact id: '6c0853a3c1ea4c1afd94f455d5426430') in 0.063853 seconds 
  Import took 0.070759 seconds .

========================================================================
Received Import Request.
  Time since last request: 0.000445 seconds.
  path: Assets/Art/Modular Pixel Forest/Materials/Terrain/Grass Hill Straight Green.mat
  artifactKey: Guid(a909cd1624922014dbd6f9b6a61e6e3d) Importer(815301076,1909f56bfc062723c751e8b465ee728b)
Start importing Assets/Art/Modular Pixel Forest/Materials/Terrain/Grass Hill Straight Green.mat using Guid(a909cd1624922014dbd6f9b6a61e6e3d) Importer(815301076,1909f56bfc062723c751e8b465ee728b)  -> (artifact id: '621c0a44a75d68f55782c59881b81d9b') in 0.054261 seconds 
  Import took 0.060553 seconds .

========================================================================
Received Import Request.
  Time since last request: 0.000708 seconds.
  path: Assets/Art/Modular Pixel Forest/Materials/Terrain/Grass Hill Corner Inner Fall.mat
  artifactKey: Guid(0c7684924cf1ba741a444c1558bdd569) Importer(815301076,1909f56bfc062723c751e8b465ee728b)
Start importing Assets/Art/Modular Pixel Forest/Materials/Terrain/Grass Hill Corner Inner Fall.mat using Guid(0c7684924cf1ba741a444c1558bdd569) Importer(815301076,1909f56bfc062723c751e8b465ee728b)  -> (artifact id: '6fb2adeb4012731ad1e84e921335ae60') in 0.059345 seconds 
  Import took 0.067710 seconds .

========================================================================
Received Import Request.
  Time since last request: 0.001831 seconds.
  path: Assets/Art/Modular Pixel Forest/Materials/Terrain/Grass Hill Corner Outer Fall.mat
  artifactKey: Guid(713ec283026563a4a8347e00ef8e2e39) Importer(815301076,1909f56bfc062723c751e8b465ee728b)
Start importing Assets/Art/Modular Pixel Forest/Materials/Terrain/Grass Hill Corner Outer Fall.mat using Guid(713ec283026563a4a8347e00ef8e2e39) Importer(815301076,1909f56bfc062723c751e8b465ee728b)  -> (artifact id: '627903178aa10c42cbc0e81e0793ec1d') in 0.061501 seconds 
  Import took 0.066944 seconds .

========================================================================
Received Import Request.
  Time since last request: 0.000357 seconds.
  path: Assets/Art/Modular Pixel Forest/Materials/Terrain/Grass Hill Corner Inner Green.mat
  artifactKey: Guid(c2d81e90422889c49a23949a8093d2df) Importer(815301076,1909f56bfc062723c751e8b465ee728b)
Start importing Assets/Art/Modular Pixel Forest/Materials/Terrain/Grass Hill Corner Inner Green.mat using Guid(c2d81e90422889c49a23949a8093d2df) Importer(815301076,1909f56bfc062723c751e8b465ee728b)  -> (artifact id: '653f3302f1cf9c91935e7a31d0bc6126') in 0.052211 seconds 
  Import took 0.058802 seconds .

========================================================================
Received Import Request.
  Time since last request: 0.000583 seconds.
  path: Assets/Art/Modular Pixel Forest/Materials/Terrain/Grass Hill Corner Outer Snow.mat
  artifactKey: Guid(ed3ffc14fbfcb9d4c8be2cf0f8056004) Importer(815301076,1909f56bfc062723c751e8b465ee728b)
Start importing Assets/Art/Modular Pixel Forest/Materials/Terrain/Grass Hill Corner Outer Snow.mat using Guid(ed3ffc14fbfcb9d4c8be2cf0f8056004) Importer(815301076,1909f56bfc062723c751e8b465ee728b)  -> (artifact id: 'bedf89535cbfbe1bbcb59455189a09d0') in 0.052019 seconds 
  Import took 0.057862 seconds .

========================================================================
Received Import Request.
  Time since last request: 0.000782 seconds.
  path: Assets/Art/Modular Pixel Forest/Materials/Terrain/Grass Block Fall.mat
  artifactKey: Guid(7eb062286f4ba00428e254e282ff3361) Importer(815301076,1909f56bfc062723c751e8b465ee728b)
Start importing Assets/Art/Modular Pixel Forest/Materials/Terrain/Grass Block Fall.mat using Guid(7eb062286f4ba00428e254e282ff3361) Importer(815301076,1909f56bfc062723c751e8b465ee728b)  -> (artifact id: '3196de974cb499ffd8b5a0cd2f27fa93') in 0.055905 seconds 
  Import took 0.062485 seconds .

========================================================================
Received Import Request.
  Time since last request: 0.000480 seconds.
  path: Assets/Art/Modular Pixel Forest/Materials/Terrain/Grass Hill Corner Inner Snow.mat
  artifactKey: Guid(fa52325e34196c246a44f6e553d70c2b) Importer(815301076,1909f56bfc062723c751e8b465ee728b)
Start importing Assets/Art/Modular Pixel Forest/Materials/Terrain/Grass Hill Corner Inner Snow.mat using Guid(fa52325e34196c246a44f6e553d70c2b) Importer(815301076,1909f56bfc062723c751e8b465ee728b)  -> (artifact id: '9aeab370b2b97ce74cd59cd28d124509') in 0.052806 seconds 
  Import took 0.059465 seconds .

========================================================================
Received Import Request.
  Time since last request: 0.000389 seconds.
  path: Assets/Art/Modular Pixel Forest/Materials/Terrain/Dirt Block.mat
  artifactKey: Guid(a2fbaf827a7762144a54d7b7b7b8d4f5) Importer(815301076,1909f56bfc062723c751e8b465ee728b)
Start importing Assets/Art/Modular Pixel Forest/Materials/Terrain/Dirt Block.mat using Guid(a2fbaf827a7762144a54d7b7b7b8d4f5) Importer(815301076,1909f56bfc062723c751e8b465ee728b)  -> (artifact id: '60faa728e12dc3c407e999ea97a78a10') in 0.051151 seconds 
  Import took 0.057704 seconds .

========================================================================
Received Import Request.
  Time since last request: 0.000434 seconds.
  path: Assets/Art/Modular Pixel Forest/Materials/Terrain/Grass Hill Straight Snow.mat
  artifactKey: Guid(75de03502bb13634f8fb57a5c1e15086) Importer(815301076,1909f56bfc062723c751e8b465ee728b)
Start importing Assets/Art/Modular Pixel Forest/Materials/Terrain/Grass Hill Straight Snow.mat using Guid(75de03502bb13634f8fb57a5c1e15086) Importer(815301076,1909f56bfc062723c751e8b465ee728b)  -> (artifact id: 'd0108190511b7d66db76739a9fac74b4') in 0.057565 seconds 
  Import took 0.065245 seconds .

========================================================================
Received Import Request.
  Time since last request: 0.000465 seconds.
  path: Assets/Art/Modular Pixel Forest/Materials/Terrain/Dirt Ramp Snow.mat
  artifactKey: Guid(6d04fdcff54fd374c93aa244f8e21bab) Importer(815301076,1909f56bfc062723c751e8b465ee728b)
Start importing Assets/Art/Modular Pixel Forest/Materials/Terrain/Dirt Ramp Snow.mat using Guid(6d04fdcff54fd374c93aa244f8e21bab) Importer(815301076,1909f56bfc062723c751e8b465ee728b)  -> (artifact id: '70825656df6e066f331eb4c5258aa737') in 0.054509 seconds 
  Import took 0.060855 seconds .

========================================================================
Received Import Request.
  Time since last request: 0.000722 seconds.
  path: Assets/Art/Modular Pixel Forest/Materials/Terrain/Grass Hill Straight Fall.mat
  artifactKey: Guid(b4a2810885ee05243b47f0f535fb1c90) Importer(815301076,1909f56bfc062723c751e8b465ee728b)
Start importing Assets/Art/Modular Pixel Forest/Materials/Terrain/Grass Hill Straight Fall.mat using Guid(b4a2810885ee05243b47f0f535fb1c90) Importer(815301076,1909f56bfc062723c751e8b465ee728b)  -> (artifact id: 'b48a32892c49797b91af736cdb713fab') in 0.055379 seconds 
  Import took 0.061939 seconds .

========================================================================
Received Import Request.
  Time since last request: 0.000402 seconds.
  path: Assets/Art/Modular Pixel Forest/Materials/Terrain/Grass Block Snow.mat
  artifactKey: Guid(d3bd69ceb07dbb24ba6c0cfa385c2765) Importer(815301076,1909f56bfc062723c751e8b465ee728b)
Start importing Assets/Art/Modular Pixel Forest/Materials/Terrain/Grass Block Snow.mat using Guid(d3bd69ceb07dbb24ba6c0cfa385c2765) Importer(815301076,1909f56bfc062723c751e8b465ee728b)  -> (artifact id: '8530f775d2c601c1e6f2ddeb261663d0') in 0.062221 seconds 
  Import took 0.068155 seconds .

========================================================================
Received Import Request.
  Time since last request: 0.000479 seconds.
  path: Assets/Art/Modular Pixel Forest/Materials/Terrain/Dirt Block Snow.mat
  artifactKey: Guid(06ac29b325944d245afefbf10b4bc61b) Importer(815301076,1909f56bfc062723c751e8b465ee728b)
Start importing Assets/Art/Modular Pixel Forest/Materials/Terrain/Dirt Block Snow.mat using Guid(06ac29b325944d245afefbf10b4bc61b) Importer(815301076,1909f56bfc062723c751e8b465ee728b)  -> (artifact id: 'bf6856115280c214a9e834805bcb88b9') in 0.049829 seconds 
  Import took 0.056353 seconds .

========================================================================
Received Import Request.
  Time since last request: 0.000354 seconds.
  path: Assets/Art/Modular Pixel Forest/Materials/Terrain/Grass Hill Corner Outer Green.mat
  artifactKey: Guid(7bfe8960d0bfafe49916ed95c9fd6414) Importer(815301076,1909f56bfc062723c751e8b465ee728b)
Start importing Assets/Art/Modular Pixel Forest/Materials/Terrain/Grass Hill Corner Outer Green.mat using Guid(7bfe8960d0bfafe49916ed95c9fd6414) Importer(815301076,1909f56bfc062723c751e8b465ee728b)  -> (artifact id: '09e13468d0ad956f8d85ec49488710b4') in 0.048483 seconds 
  Import took 0.053750 seconds .

========================================================================
Received Import Request.
  Time since last request: 2.330611 seconds.
  path: Assets/Art/Modular Pixel Forest/Materials/Temple
  artifactKey: Guid(89a1ea09a23836f458dffcb89dbd1d61) Importer(815301076,1909f56bfc062723c751e8b465ee728b)
Start importing Assets/Art/Modular Pixel Forest/Materials/Temple using Guid(89a1ea09a23836f458dffcb89dbd1d61) Importer(815301076,1909f56bfc062723c751e8b465ee728b)  -> (artifact id: '8243b96c381db82f1c64a9e99479cb73') in 0.016925 seconds 
  Import took 0.024215 seconds .

========================================================================
Received Import Request.
  Time since last request: 0.743550 seconds.
  path: Assets/Art/Modular Pixel Forest/Materials/Textures
  artifactKey: Guid(0c29936a802988a40bc6ed65fa02e5d2) Importer(815301076,1909f56bfc062723c751e8b465ee728b)
Start importing Assets/Art/Modular Pixel Forest/Materials/Textures using Guid(0c29936a802988a40bc6ed65fa02e5d2) Importer(815301076,1909f56bfc062723c751e8b465ee728b)  -> (artifact id: '49c71b7db7a8bdf1f4d3aec3473e9bb0') in 0.025234 seconds 
  Import took 0.032168 seconds .

========================================================================
Received Import Request.
  Time since last request: 0.093469 seconds.
  path: Assets/Art/Modular Pixel Forest/Materials/Textures/boulder snow.png
  artifactKey: Guid(b3df241714c908c43848d10751620cec) Importer(815301076,1909f56bfc062723c751e8b465ee728b)
Start importing Assets/Art/Modular Pixel Forest/Materials/Textures/boulder snow.png using Guid(b3df241714c908c43848d10751620cec) Importer(815301076,1909f56bfc062723c751e8b465ee728b)  -> (artifact id: '6fb1d2a5d53ed2d57bcde06fae076157') in 0.069916 seconds 
  Import took 0.076584 seconds .

========================================================================
Received Import Request.
  Time since last request: 0.000551 seconds.
  path: Assets/Art/Modular Pixel Forest/Materials/Textures/grass hill straight fall.png
  artifactKey: Guid(4ac66436d069f8f4fa9a6380cec98fd3) Importer(815301076,1909f56bfc062723c751e8b465ee728b)
Start importing Assets/Art/Modular Pixel Forest/Materials/Textures/grass hill straight fall.png using Guid(4ac66436d069f8f4fa9a6380cec98fd3) Importer(815301076,1909f56bfc062723c751e8b465ee728b)  -> (artifact id: '34305e3cffb7f320ba1d9fffd9f8b937') in 0.035558 seconds 
  Import took 0.042574 seconds .

========================================================================
Received Import Request.
  Time since last request: 0.000493 seconds.
  path: Assets/Art/Modular Pixel Forest/Materials/Textures/grass block snow.png
  artifactKey: Guid(c18650c9f7dbc6946a04bb122a965afa) Importer(815301076,1909f56bfc062723c751e8b465ee728b)
Start importing Assets/Art/Modular Pixel Forest/Materials/Textures/grass block snow.png using Guid(c18650c9f7dbc6946a04bb122a965afa) Importer(815301076,1909f56bfc062723c751e8b465ee728b)  -> (artifact id: '8526e84e665de67fe3fa632b1764fedf') in 0.036428 seconds 
  Import took 0.043776 seconds .

========================================================================
Received Import Request.
  Time since last request: 0.000432 seconds.
  path: Assets/Art/Modular Pixel Forest/Materials/Textures/dirt block center.png
  artifactKey: Guid(32d07a062d2d4584ab2e41d227324a7f) Importer(815301076,1909f56bfc062723c751e8b465ee728b)
Start importing Assets/Art/Modular Pixel Forest/Materials/Textures/dirt block center.png using Guid(32d07a062d2d4584ab2e41d227324a7f) Importer(815301076,1909f56bfc062723c751e8b465ee728b)  -> (artifact id: '424557987a022e13f90ab3165ca09b67') in 0.038524 seconds 
  Import took 0.045961 seconds .

========================================================================
Received Import Request.
  Time since last request: 0.000445 seconds.
  path: Assets/Art/Modular Pixel Forest/Materials/Textures/dirt block snow.png
  artifactKey: Guid(77feb19dd7a90e44c9cb7592c452c2bf) Importer(815301076,1909f56bfc062723c751e8b465ee728b)
Start importing Assets/Art/Modular Pixel Forest/Materials/Textures/dirt block snow.png using Guid(77feb19dd7a90e44c9cb7592c452c2bf) Importer(815301076,1909f56bfc062723c751e8b465ee728b)  -> (artifact id: '73330a7e31b3eb97835d9dc08e7fe891') in 0.037131 seconds 
  Import took 0.043441 seconds .

========================================================================
Received Import Request.
  Time since last request: 0.000454 seconds.
  path: Assets/Art/Modular Pixel Forest/Materials/Textures/grass block green.png
  artifactKey: Guid(51c8b13f8c077f94f9808a2fa4c031da) Importer(815301076,1909f56bfc062723c751e8b465ee728b)
Start importing Assets/Art/Modular Pixel Forest/Materials/Textures/grass block green.png using Guid(51c8b13f8c077f94f9808a2fa4c031da) Importer(815301076,1909f56bfc062723c751e8b465ee728b)  -> (artifact id: '810907d2317dd0537dc4770555054017') in 0.038064 seconds 
  Import took 0.044519 seconds .

========================================================================
Received Import Request.
  Time since last request: 0.000478 seconds.
  path: Assets/Art/Modular Pixel Forest/Materials/Textures/crate snow.png
  artifactKey: Guid(af79ac8a365c7574ea6f77c82053ecfb) Importer(815301076,1909f56bfc062723c751e8b465ee728b)
Start importing Assets/Art/Modular Pixel Forest/Materials/Textures/crate snow.png using Guid(af79ac8a365c7574ea6f77c82053ecfb) Importer(815301076,1909f56bfc062723c751e8b465ee728b)  -> (artifact id: '6506cf99f4a11b6961bce4760c64146a') in 0.037503 seconds 
  Import took 0.044380 seconds .

========================================================================
Received Import Request.
  Time since last request: 0.000405 seconds.
  path: Assets/Art/Modular Pixel Forest/Materials/Textures/fence rail.png
  artifactKey: Guid(b9eab6eb674cf6243b2b209d13f6edea) Importer(815301076,1909f56bfc062723c751e8b465ee728b)
Start importing Assets/Art/Modular Pixel Forest/Materials/Textures/fence rail.png using Guid(b9eab6eb674cf6243b2b209d13f6edea) Importer(815301076,1909f56bfc062723c751e8b465ee728b)  -> (artifact id: '0cc5a13d478a78e816a982065a779e4a') in 0.043648 seconds 
  Import took 0.050876 seconds .

========================================================================
Received Import Request.
  Time since last request: 0.000484 seconds.
  path: Assets/Art/Modular Pixel Forest/Materials/Textures/leaves point down snow.png
  artifactKey: Guid(5ba70415e9d80374baacb2450ca006a1) Importer(815301076,1909f56bfc062723c751e8b465ee728b)
Start importing Assets/Art/Modular Pixel Forest/Materials/Textures/leaves point down snow.png using Guid(5ba70415e9d80374baacb2450ca006a1) Importer(815301076,1909f56bfc062723c751e8b465ee728b)  -> (artifact id: 'aab57df990d4b0d49ba6a688cd536e53') in 0.036480 seconds 
  Import took 0.042520 seconds .

========================================================================
Received Import Request.
  Time since last request: 0.000504 seconds.
  path: Assets/Art/Modular Pixel Forest/Materials/Textures/grass hill straight green.png
  artifactKey: Guid(e281cd2e2189eb941b42267ef53834c8) Importer(815301076,1909f56bfc062723c751e8b465ee728b)
Start importing Assets/Art/Modular Pixel Forest/Materials/Textures/grass hill straight green.png using Guid(e281cd2e2189eb941b42267ef53834c8) Importer(815301076,1909f56bfc062723c751e8b465ee728b)  -> (artifact id: 'c78ff7d30f77fee1d6af4f179d01bc6a') in 0.040982 seconds 
  Import took 0.046844 seconds .

========================================================================
Received Import Request.
  Time since last request: 0.000552 seconds.
  path: Assets/Art/Modular Pixel Forest/Materials/Textures/leaves point down pink.png
  artifactKey: Guid(6f10e5d18477e504ca974a177ea64eef) Importer(815301076,1909f56bfc062723c751e8b465ee728b)
Start importing Assets/Art/Modular Pixel Forest/Materials/Textures/leaves point down pink.png using Guid(6f10e5d18477e504ca974a177ea64eef) Importer(815301076,1909f56bfc062723c751e8b465ee728b)  -> (artifact id: '82afd08320ed7d75dd14428fd7806d04') in 0.035060 seconds 
  Import took 0.041163 seconds .

========================================================================
Received Import Request.
  Time since last request: 0.000318 seconds.
  path: Assets/Art/Modular Pixel Forest/Materials/Textures/leaves point up snow.png
  artifactKey: Guid(993da0773bda1da48bfb89c77033599e) Importer(815301076,1909f56bfc062723c751e8b465ee728b)
Start importing Assets/Art/Modular Pixel Forest/Materials/Textures/leaves point up snow.png using Guid(993da0773bda1da48bfb89c77033599e) Importer(815301076,1909f56bfc062723c751e8b465ee728b)  -> (artifact id: '2249f038001b9d30bda25fbfdf95ad9e') in 0.042199 seconds 
  Import took 0.048687 seconds .

========================================================================
Received Import Request.
  Time since last request: 0.000391 seconds.
  path: Assets/Art/Modular Pixel Forest/Materials/Textures/leaves sphere red.png
  artifactKey: Guid(8b5c3c6b5057f6147bb3c97e5a2cdf42) Importer(815301076,1909f56bfc062723c751e8b465ee728b)
Start importing Assets/Art/Modular Pixel Forest/Materials/Textures/leaves sphere red.png using Guid(8b5c3c6b5057f6147bb3c97e5a2cdf42) Importer(815301076,1909f56bfc062723c751e8b465ee728b)  -> (artifact id: '1006a2a62d7ac2fb2fbc4732f5992707') in 0.031878 seconds 
  Import took 0.037850 seconds .

========================================================================
Received Import Request.
  Time since last request: 0.000488 seconds.
  path: Assets/Art/Modular Pixel Forest/Materials/Textures/leaves point up gold.png
  artifactKey: Guid(461c277ba84981c4097f3fb1523ad5b8) Importer(815301076,1909f56bfc062723c751e8b465ee728b)
Start importing Assets/Art/Modular Pixel Forest/Materials/Textures/leaves point up gold.png using Guid(461c277ba84981c4097f3fb1523ad5b8) Importer(815301076,1909f56bfc062723c751e8b465ee728b)  -> (artifact id: '200a13f79089f9624808554584fbe991') in 0.037379 seconds 
  Import took 0.044932 seconds .

========================================================================
Received Import Request.
  Time since last request: 0.000453 seconds.
  path: Assets/Art/Modular Pixel Forest/Materials/Textures/dirt block.png
  artifactKey: Guid(fc98f48e419d5eb419233031760004f7) Importer(815301076,1909f56bfc062723c751e8b465ee728b)
Start importing Assets/Art/Modular Pixel Forest/Materials/Textures/dirt block.png using Guid(fc98f48e419d5eb419233031760004f7) Importer(815301076,1909f56bfc062723c751e8b465ee728b)  -> (artifact id: 'e3b6d857ac9188b95326f385549ce86d') in 0.035824 seconds 
  Import took 0.042474 seconds .

========================================================================
Received Import Request.
  Time since last request: 0.000395 seconds.
  path: Assets/Art/Modular Pixel Forest/Materials/Textures/dirt ramp.png
  artifactKey: Guid(52c684fcac41de249945ccb19d4485b9) Importer(815301076,1909f56bfc062723c751e8b465ee728b)
Start importing Assets/Art/Modular Pixel Forest/Materials/Textures/dirt ramp.png using Guid(52c684fcac41de249945ccb19d4485b9) Importer(815301076,1909f56bfc062723c751e8b465ee728b)  -> (artifact id: '18cb5b4bd5830d40827c6dacbc2159dd') in 0.035100 seconds 
  Import took 0.041496 seconds .

========================================================================
Received Import Request.
  Time since last request: 0.000465 seconds.
  path: Assets/Art/Modular Pixel Forest/Materials/Textures/grass hill corner inner fall.png
  artifactKey: Guid(44090a7e49c335d438b180932fb029ec) Importer(815301076,1909f56bfc062723c751e8b465ee728b)
Start importing Assets/Art/Modular Pixel Forest/Materials/Textures/grass hill corner inner fall.png using Guid(44090a7e49c335d438b180932fb029ec) Importer(815301076,1909f56bfc062723c751e8b465ee728b)  -> (artifact id: '61a454410104aeab92a98ce2bdda11de') in 0.042172 seconds 
  Import took 0.049479 seconds .

========================================================================
Received Import Request.
  Time since last request: 0.000405 seconds.
  path: Assets/Art/Modular Pixel Forest/Materials/Textures/fence post.png
  artifactKey: Guid(7aba0851a8cea314fb227c9bcd91d341) Importer(815301076,1909f56bfc062723c751e8b465ee728b)
Start importing Assets/Art/Modular Pixel Forest/Materials/Textures/fence post.png using Guid(7aba0851a8cea314fb227c9bcd91d341) Importer(815301076,1909f56bfc062723c751e8b465ee728b)  -> (artifact id: '38a704b025eaf471b3a353d1e47f70e7') in 0.040648 seconds 
  Import took 0.047763 seconds .

========================================================================
Received Import Request.
  Time since last request: 0.000572 seconds.
  path: Assets/Art/Modular Pixel Forest/Materials/Textures/fence rail snow.png
  artifactKey: Guid(1582d47cfe52cb949bc3ae07c8aa4291) Importer(815301076,1909f56bfc062723c751e8b465ee728b)
Start importing Assets/Art/Modular Pixel Forest/Materials/Textures/fence rail snow.png using Guid(1582d47cfe52cb949bc3ae07c8aa4291) Importer(815301076,1909f56bfc062723c751e8b465ee728b)  -> (artifact id: '3786965ab6d19b67a4d941d0c482ac2b') in 0.034454 seconds 
  Import took 0.041664 seconds .

========================================================================
Received Import Request.
  Time since last request: 0.000708 seconds.
  path: Assets/Art/Modular Pixel Forest/Materials/Textures/grass hill corner inner green.png
  artifactKey: Guid(d6b57daaf144a8c458c26ef8d3e53ef6) Importer(815301076,1909f56bfc062723c751e8b465ee728b)
Start importing Assets/Art/Modular Pixel Forest/Materials/Textures/grass hill corner inner green.png using Guid(d6b57daaf144a8c458c26ef8d3e53ef6) Importer(815301076,1909f56bfc062723c751e8b465ee728b)  -> (artifact id: '66904d3977323e021466b6bc6fffb854') in 0.036399 seconds 
  Import took 0.042217 seconds .

========================================================================
Received Import Request.
  Time since last request: 0.000483 seconds.
  path: Assets/Art/Modular Pixel Forest/Materials/Textures/grass hill corner inner snow.png
  artifactKey: Guid(64b03737cde5b264ab084c8a2d55aa8e) Importer(815301076,1909f56bfc062723c751e8b465ee728b)
Start importing Assets/Art/Modular Pixel Forest/Materials/Textures/grass hill corner inner snow.png using Guid(64b03737cde5b264ab084c8a2d55aa8e) Importer(815301076,1909f56bfc062723c751e8b465ee728b)  -> (artifact id: '565e897d127d9b3f77c33871375b850f') in 0.038131 seconds 
  Import took 0.046065 seconds .

========================================================================
Received Import Request.
  Time since last request: 0.000508 seconds.
  path: Assets/Art/Modular Pixel Forest/Materials/Textures/leaves sphere gold.png
  artifactKey: Guid(9ef9d9311d120dd4eb27e1887e3c0b91) Importer(815301076,1909f56bfc062723c751e8b465ee728b)
Start importing Assets/Art/Modular Pixel Forest/Materials/Textures/leaves sphere gold.png using Guid(9ef9d9311d120dd4eb27e1887e3c0b91) Importer(815301076,1909f56bfc062723c751e8b465ee728b)  -> (artifact id: 'a65395f27131853595501d6aa348b1ab') in 0.035699 seconds 
  Import took 0.043050 seconds .

========================================================================
Received Import Request.
  Time since last request: 0.000427 seconds.
  path: Assets/Art/Modular Pixel Forest/Materials/Textures/leaves point down green.png
  artifactKey: Guid(3f15857cf6dee3f4eabc40bbd29a65a8) Importer(815301076,1909f56bfc062723c751e8b465ee728b)
Start importing Assets/Art/Modular Pixel Forest/Materials/Textures/leaves point down green.png using Guid(3f15857cf6dee3f4eabc40bbd29a65a8) Importer(815301076,1909f56bfc062723c751e8b465ee728b)  -> (artifact id: 'c1fee016af387f29eef12239436d27cc') in 0.037782 seconds 
  Import took 0.044655 seconds .

========================================================================
Received Import Request.
  Time since last request: 0.000511 seconds.
  path: Assets/Art/Modular Pixel Forest/Materials/Textures/leaves point up green.png
  artifactKey: Guid(2d59faef01e644f47a40a56cdcdc6721) Importer(815301076,1909f56bfc062723c751e8b465ee728b)
Start importing Assets/Art/Modular Pixel Forest/Materials/Textures/leaves point up green.png using Guid(2d59faef01e644f47a40a56cdcdc6721) Importer(815301076,1909f56bfc062723c751e8b465ee728b)  -> (artifact id: '79f44b5377cfd47e0b9f3cc5dd214ae8') in 0.034847 seconds 
  Import took 0.041150 seconds .

========================================================================
Received Import Request.
  Time since last request: 0.000457 seconds.
  path: Assets/Art/Modular Pixel Forest/Materials/Textures/grass hill corner outer green.png
  artifactKey: Guid(ec2a035ea74594f47bb0e5d991b679cd) Importer(815301076,1909f56bfc062723c751e8b465ee728b)
Start importing Assets/Art/Modular Pixel Forest/Materials/Textures/grass hill corner outer green.png using Guid(ec2a035ea74594f47bb0e5d991b679cd) Importer(815301076,1909f56bfc062723c751e8b465ee728b)  -> (artifact id: 'c6e7c10f3ae0284b57126ddf93c0f1a1') in 0.031985 seconds 
  Import took 0.037862 seconds .

========================================================================
Received Import Request.
  Time since last request: 0.000455 seconds.
  path: Assets/Art/Modular Pixel Forest/Materials/Textures/leaves point down gold.png
  artifactKey: Guid(5fa313d0411bf8f43833ed86e87e8b40) Importer(815301076,1909f56bfc062723c751e8b465ee728b)
Start importing Assets/Art/Modular Pixel Forest/Materials/Textures/leaves point down gold.png using Guid(5fa313d0411bf8f43833ed86e87e8b40) Importer(815301076,1909f56bfc062723c751e8b465ee728b)  -> (artifact id: '8e5248d546c732a13bb9b124cac8428b') in 0.039881 seconds 
  Import took 0.047292 seconds .

========================================================================
Received Import Request.
  Time since last request: 0.000598 seconds.
  path: Assets/Art/Modular Pixel Forest/Materials/Textures/leaves point up red.png
  artifactKey: Guid(d3cd91ae4eb78c140b24104550b6afb0) Importer(815301076,1909f56bfc062723c751e8b465ee728b)
Start importing Assets/Art/Modular Pixel Forest/Materials/Textures/leaves point up red.png using Guid(d3cd91ae4eb78c140b24104550b6afb0) Importer(815301076,1909f56bfc062723c751e8b465ee728b)  -> (artifact id: '4742aa6a6b4026918bdc7ce457c7249b') in 0.039982 seconds 
  Import took 0.047900 seconds .

========================================================================
Received Import Request.
  Time since last request: 0.000468 seconds.
  path: Assets/Art/Modular Pixel Forest/Materials/Textures/leaves sphere green.png
  artifactKey: Guid(c0d9b47d2f5461c4cac6fe24844041dd) Importer(815301076,1909f56bfc062723c751e8b465ee728b)
Start importing Assets/Art/Modular Pixel Forest/Materials/Textures/leaves sphere green.png using Guid(c0d9b47d2f5461c4cac6fe24844041dd) Importer(815301076,1909f56bfc062723c751e8b465ee728b)  -> (artifact id: '92fc78cf0294d75ecdd7e13ed629e123') in 0.040311 seconds 
  Import took 0.045704 seconds .

========================================================================
Received Import Request.
  Time since last request: 0.000485 seconds.
  path: Assets/Art/Modular Pixel Forest/Materials/Textures/pillar base snow.png
  artifactKey: Guid(a5655fd3ba5601b4390aa9d34a9d1891) Importer(815301076,1909f56bfc062723c751e8b465ee728b)
Start importing Assets/Art/Modular Pixel Forest/Materials/Textures/pillar base snow.png using Guid(a5655fd3ba5601b4390aa9d34a9d1891) Importer(815301076,1909f56bfc062723c751e8b465ee728b)  -> (artifact id: '8b51b92633e32b78468eeddb52d7b48d') in 0.046114 seconds 
  Import took 0.053336 seconds .

========================================================================
Received Import Request.
  Time since last request: 0.000441 seconds.
  path: Assets/Art/Modular Pixel Forest/Materials/Textures/grass hill corner outer fall.png
  artifactKey: Guid(bfc8bd211490dca4a8717088876b411a) Importer(815301076,1909f56bfc062723c751e8b465ee728b)
Start importing Assets/Art/Modular Pixel Forest/Materials/Textures/grass hill corner outer fall.png using Guid(bfc8bd211490dca4a8717088876b411a) Importer(815301076,1909f56bfc062723c751e8b465ee728b)  -> (artifact id: '60b2530fa0da481e5a183ba0a2685c29') in 0.045186 seconds 
  Import took 0.054723 seconds .

========================================================================
Received Import Request.
  Time since last request: 0.001669 seconds.
  path: Assets/Art/Modular Pixel Forest/Materials/Textures/crate.png
  artifactKey: Guid(4d72941abc7f257499766e993d315ed0) Importer(815301076,1909f56bfc062723c751e8b465ee728b)
Start importing Assets/Art/Modular Pixel Forest/Materials/Textures/crate.png using Guid(4d72941abc7f257499766e993d315ed0) Importer(815301076,1909f56bfc062723c751e8b465ee728b)  -> (artifact id: '129a947b6ac66b73f1804aa6ef952dd2') in 0.037180 seconds 
  Import took 0.043788 seconds .

========================================================================
Received Import Request.
  Time since last request: 0.000333 seconds.
  path: Assets/Art/Modular Pixel Forest/Materials/Textures/leaves point down red.png
  artifactKey: Guid(bde4ef48567990944984017b3740550f) Importer(815301076,1909f56bfc062723c751e8b465ee728b)
Start importing Assets/Art/Modular Pixel Forest/Materials/Textures/leaves point down red.png using Guid(bde4ef48567990944984017b3740550f) Importer(815301076,1909f56bfc062723c751e8b465ee728b)  -> (artifact id: 'cac1d7e9bceb6263e473fb29f3c9f620') in 0.039880 seconds 
  Import took 0.045961 seconds .

========================================================================
Received Import Request.
  Time since last request: 0.000712 seconds.
  path: Assets/Art/Modular Pixel Forest/Materials/Textures/leaves sphere snow.png
  artifactKey: Guid(f8f05233ff7625445a08ac89488a10ea) Importer(815301076,1909f56bfc062723c751e8b465ee728b)
Start importing Assets/Art/Modular Pixel Forest/Materials/Textures/leaves sphere snow.png using Guid(f8f05233ff7625445a08ac89488a10ea) Importer(815301076,1909f56bfc062723c751e8b465ee728b)  -> (artifact id: 'a028af553e17cfcf5a6a719b89da700a') in 0.032472 seconds 
  Import took 0.038483 seconds .

========================================================================
Received Import Request.
  Time since last request: 0.000595 seconds.
  path: Assets/Art/Modular Pixel Forest/Materials/Textures/grass hill corner outer snow.png
  artifactKey: Guid(984d244df81b3de4bbe9868688da2b18) Importer(815301076,1909f56bfc062723c751e8b465ee728b)
Start importing Assets/Art/Modular Pixel Forest/Materials/Textures/grass hill corner outer snow.png using Guid(984d244df81b3de4bbe9868688da2b18) Importer(815301076,1909f56bfc062723c751e8b465ee728b)  -> (artifact id: '4f7da169e6fb3621afff944957f332f1') in 0.032634 seconds 
  Import took 0.038909 seconds .

========================================================================
Received Import Request.
  Time since last request: 0.000493 seconds.
  path: Assets/Art/Modular Pixel Forest/Materials/Textures/grass hill straight snow.png
  artifactKey: Guid(ea328ad53e1ac534f946a74e5498ec04) Importer(815301076,1909f56bfc062723c751e8b465ee728b)
Start importing Assets/Art/Modular Pixel Forest/Materials/Textures/grass hill straight snow.png using Guid(ea328ad53e1ac534f946a74e5498ec04) Importer(815301076,1909f56bfc062723c751e8b465ee728b)  -> (artifact id: '08e58a99d1cd7536db1ef761291a9176') in 0.037481 seconds 
  Import took 0.044344 seconds .

========================================================================
Received Import Request.
  Time since last request: 0.000484 seconds.
  path: Assets/Art/Modular Pixel Forest/Materials/Textures/boulder.png
  artifactKey: Guid(ce9c3fac12b2e35449f4c5ae97aabee5) Importer(815301076,1909f56bfc062723c751e8b465ee728b)
Start importing Assets/Art/Modular Pixel Forest/Materials/Textures/boulder.png using Guid(ce9c3fac12b2e35449f4c5ae97aabee5) Importer(815301076,1909f56bfc062723c751e8b465ee728b)  -> (artifact id: '4c1dbcd43814220df54024ebe007f3a8') in 0.034708 seconds 
  Import took 0.040969 seconds .

========================================================================
Received Import Request.
  Time since last request: 0.000470 seconds.
  path: Assets/Art/Modular Pixel Forest/Materials/Textures/fence post snow.png
  artifactKey: Guid(277e27749171f214cabcc9d21d6a2833) Importer(815301076,1909f56bfc062723c751e8b465ee728b)
Start importing Assets/Art/Modular Pixel Forest/Materials/Textures/fence post snow.png using Guid(277e27749171f214cabcc9d21d6a2833) Importer(815301076,1909f56bfc062723c751e8b465ee728b)  -> (artifact id: '25447d8259a0cee581d00892e05987c7') in 0.032821 seconds 
  Import took 0.040238 seconds .

========================================================================
Received Import Request.
  Time since last request: 0.000453 seconds.
  path: Assets/Art/Modular Pixel Forest/Materials/Textures/leaves point up pink.png
  artifactKey: Guid(85ed088c970dac549b4f4d8b1cb6fd36) Importer(815301076,1909f56bfc062723c751e8b465ee728b)
Start importing Assets/Art/Modular Pixel Forest/Materials/Textures/leaves point up pink.png using Guid(85ed088c970dac549b4f4d8b1cb6fd36) Importer(815301076,1909f56bfc062723c751e8b465ee728b)  -> (artifact id: 'd5cb3efdbf7da3d2d3925103bae5e7f9') in 0.037794 seconds 
  Import took 0.044525 seconds .

========================================================================
Received Import Request.
  Time since last request: 0.000746 seconds.
  path: Assets/Art/Modular Pixel Forest/Materials/Textures/leaves sphere pink.png
  artifactKey: Guid(6964d4fb65e54394088943362dab12f2) Importer(815301076,1909f56bfc062723c751e8b465ee728b)
Start importing Assets/Art/Modular Pixel Forest/Materials/Textures/leaves sphere pink.png using Guid(6964d4fb65e54394088943362dab12f2) Importer(815301076,1909f56bfc062723c751e8b465ee728b)  -> (artifact id: 'd9dddf8e1ec5f6b955de6c206fb1d648') in 0.031768 seconds 
  Import took 0.037454 seconds .

========================================================================
Received Import Request.
  Time since last request: 0.000575 seconds.
  path: Assets/Art/Modular Pixel Forest/Materials/Textures/dirt ramp snow.png
  artifactKey: Guid(0f8ea2f8a4630c74b9bbd6e266fa5c26) Importer(815301076,1909f56bfc062723c751e8b465ee728b)
Start importing Assets/Art/Modular Pixel Forest/Materials/Textures/dirt ramp snow.png using Guid(0f8ea2f8a4630c74b9bbd6e266fa5c26) Importer(815301076,1909f56bfc062723c751e8b465ee728b)  -> (artifact id: 'b49298fd152dfd8db6190bd3920368fd') in 0.042587 seconds 
  Import took 0.049035 seconds .

========================================================================
Received Import Request.
  Time since last request: 0.000336 seconds.
  path: Assets/Art/Modular Pixel Forest/Materials/Textures/grass block fall.png
  artifactKey: Guid(a2502bc9872802e449b0f362eca61b65) Importer(815301076,1909f56bfc062723c751e8b465ee728b)
Start importing Assets/Art/Modular Pixel Forest/Materials/Textures/grass block fall.png using Guid(a2502bc9872802e449b0f362eca61b65) Importer(815301076,1909f56bfc062723c751e8b465ee728b)  -> (artifact id: 'c3a70f8703e38381d67c9c154dd26251') in 0.046406 seconds 
  Import took 0.053479 seconds .

========================================================================
Received Import Request.
  Time since last request: 1.514006 seconds.
  path: Assets/Art/Modular Pixel Forest/Materials/Temple/Pillar Base Snow.mat
  artifactKey: Guid(8dd1dc4d9beab0048a02eb3c2f52a19b) Importer(815301076,1909f56bfc062723c751e8b465ee728b)
Start importing Assets/Art/Modular Pixel Forest/Materials/Temple/Pillar Base Snow.mat using Guid(8dd1dc4d9beab0048a02eb3c2f52a19b) Importer(815301076,1909f56bfc062723c751e8b465ee728b)  -> (artifact id: '4e3864c999beace8f9979c202f7e1c58') in 0.047367 seconds 
  Import took 0.055496 seconds .

========================================================================
Received Import Request.
  Time since last request: 0.000463 seconds.
  path: Assets/Art/Modular Pixel Forest/Materials/Temple/Pillar Bottom Snow.mat
  artifactKey: Guid(53a28f093e4c8c941b39bc1b09877c6b) Importer(815301076,1909f56bfc062723c751e8b465ee728b)
Start importing Assets/Art/Modular Pixel Forest/Materials/Temple/Pillar Bottom Snow.mat using Guid(53a28f093e4c8c941b39bc1b09877c6b) Importer(815301076,1909f56bfc062723c751e8b465ee728b)  -> (artifact id: 'c8fe4e61d429a966e729d5aa826d12d0') in 0.057379 seconds 
  Import took 0.063405 seconds .

========================================================================
Received Import Request.
  Time since last request: 0.000423 seconds.
  path: Assets/Art/Modular Pixel Forest/Materials/Temple/Pillar Base.mat
  artifactKey: Guid(9ae2ab2c850445f4f8bf7b6932fbc87b) Importer(815301076,1909f56bfc062723c751e8b465ee728b)
Start importing Assets/Art/Modular Pixel Forest/Materials/Temple/Pillar Base.mat using Guid(9ae2ab2c850445f4f8bf7b6932fbc87b) Importer(815301076,1909f56bfc062723c751e8b465ee728b)  -> (artifact id: 'ad7e6861c0940818c70cb60f0e39fa40') in 0.047627 seconds 
  Import took 0.052892 seconds .

========================================================================
Received Import Request.
  Time since last request: 0.000429 seconds.
  path: Assets/Art/Modular Pixel Forest/Materials/Temple/Pillar Bottom.mat
  artifactKey: Guid(da5fcb1c80b478b4d83d837ead5c08c1) Importer(815301076,1909f56bfc062723c751e8b465ee728b)
Start importing Assets/Art/Modular Pixel Forest/Materials/Temple/Pillar Bottom.mat using Guid(da5fcb1c80b478b4d83d837ead5c08c1) Importer(815301076,1909f56bfc062723c751e8b465ee728b)  -> (artifact id: '07e630af904bef757e653434080f740c') in 0.066564 seconds 
  Import took 0.071904 seconds .

========================================================================
Received Import Request.
  Time since last request: 0.000378 seconds.
  path: Assets/Art/Modular Pixel Forest/Materials/Temple/Pillar Top Snow.mat
  artifactKey: Guid(ce9113266bffe7949a6bf6ef242f4f97) Importer(815301076,1909f56bfc062723c751e8b465ee728b)
Start importing Assets/Art/Modular Pixel Forest/Materials/Temple/Pillar Top Snow.mat using Guid(ce9113266bffe7949a6bf6ef242f4f97) Importer(815301076,1909f56bfc062723c751e8b465ee728b)  -> (artifact id: '7fb39f10eadeafce8602f6564e0c9054') in 0.059413 seconds 
  Import took 0.066300 seconds .

========================================================================
Received Import Request.
  Time since last request: 0.000585 seconds.
  path: Assets/Art/Modular Pixel Forest/Materials/Temple/Temple Steps Snow.mat
  artifactKey: Guid(28fee41451d94674f84fc8fdf2a36b6b) Importer(815301076,1909f56bfc062723c751e8b465ee728b)
Start importing Assets/Art/Modular Pixel Forest/Materials/Temple/Temple Steps Snow.mat using Guid(28fee41451d94674f84fc8fdf2a36b6b) Importer(815301076,1909f56bfc062723c751e8b465ee728b)  -> (artifact id: '3306fcd1fbcfd91460059c1d8cfbfbbb') in 0.062345 seconds 
  Import took 0.070023 seconds .

========================================================================
Received Import Request.
  Time since last request: 0.000399 seconds.
  path: Assets/Art/Modular Pixel Forest/Materials/Temple/Pillar Center Link.mat
  artifactKey: Guid(398fb946fb46b9141af9dca40f223894) Importer(815301076,1909f56bfc062723c751e8b465ee728b)
Start importing Assets/Art/Modular Pixel Forest/Materials/Temple/Pillar Center Link.mat using Guid(398fb946fb46b9141af9dca40f223894) Importer(815301076,1909f56bfc062723c751e8b465ee728b)  -> (artifact id: 'a2da6c1f21ba2d67ac28df933c2a6923') in 0.054913 seconds 
  Import took 0.061250 seconds .

========================================================================
Received Import Request.
  Time since last request: 0.000600 seconds.
  path: Assets/Art/Modular Pixel Forest/Materials/Temple/Temple Steps.mat
  artifactKey: Guid(d164368c869e61749927811174f5c006) Importer(815301076,1909f56bfc062723c751e8b465ee728b)
Start importing Assets/Art/Modular Pixel Forest/Materials/Temple/Temple Steps.mat using Guid(d164368c869e61749927811174f5c006) Importer(815301076,1909f56bfc062723c751e8b465ee728b)  -> (artifact id: '23dc1a5e0a3bb0e52cd015dfbf52944f') in 0.053873 seconds 
  Import took 0.060719 seconds .

========================================================================
Received Import Request.
  Time since last request: 0.000452 seconds.
  path: Assets/Art/Modular Pixel Forest/Materials/Temple/Temple Block.mat
  artifactKey: Guid(743bf9afa316c544dba44ab9b7b1d4f1) Importer(815301076,1909f56bfc062723c751e8b465ee728b)
Start importing Assets/Art/Modular Pixel Forest/Materials/Temple/Temple Block.mat using Guid(743bf9afa316c544dba44ab9b7b1d4f1) Importer(815301076,1909f56bfc062723c751e8b465ee728b)  -> (artifact id: '752d2b17a9de55475e6f61639420031a') in 0.055964 seconds 
  Import took 0.061564 seconds .

========================================================================
Received Import Request.
  Time since last request: 0.000463 seconds.
  path: Assets/Art/Modular Pixel Forest/Materials/Temple/Pillar Center.mat
  artifactKey: Guid(a2cb130547dad9f46b51cad0331a7157) Importer(815301076,1909f56bfc062723c751e8b465ee728b)
Start importing Assets/Art/Modular Pixel Forest/Materials/Temple/Pillar Center.mat using Guid(a2cb130547dad9f46b51cad0331a7157) Importer(815301076,1909f56bfc062723c751e8b465ee728b)  -> (artifact id: 'e6b3a9b027ecd2284d33017a6a6bd1f5') in 0.070018 seconds 
  Import took 0.076950 seconds .

========================================================================
Received Import Request.
  Time since last request: 0.000568 seconds.
  path: Assets/Art/Modular Pixel Forest/Materials/Temple/Pillar Top.mat
  artifactKey: Guid(d434017d035238145bb890779c90fd46) Importer(815301076,1909f56bfc062723c751e8b465ee728b)
Start importing Assets/Art/Modular Pixel Forest/Materials/Temple/Pillar Top.mat using Guid(d434017d035238145bb890779c90fd46) Importer(815301076,1909f56bfc062723c751e8b465ee728b)  -> (artifact id: 'b900d0bbb185bbda56b3aebb423a4a7c') in 0.059483 seconds 
  Import took 0.065101 seconds .

========================================================================
Received Import Request.
  Time since last request: 0.000355 seconds.
  path: Assets/Art/Modular Pixel Forest/Materials/Temple/Temple Block Center Snow.mat
  artifactKey: Guid(70ff6bb8e5a97744ba6874e46c7a58ae) Importer(815301076,1909f56bfc062723c751e8b465ee728b)
Start importing Assets/Art/Modular Pixel Forest/Materials/Temple/Temple Block Center Snow.mat using Guid(70ff6bb8e5a97744ba6874e46c7a58ae) Importer(815301076,1909f56bfc062723c751e8b465ee728b)  -> (artifact id: '6726590f8ce2c1c652ed1c44db9b868d') in 0.056631 seconds 
  Import took 0.062864 seconds .

========================================================================
Received Import Request.
  Time since last request: 0.000440 seconds.
  path: Assets/Art/Modular Pixel Forest/Materials/Temple/Pillar Monkey.mat
  artifactKey: Guid(e7b97d331960f4e41a0bcba2b27a13b4) Importer(815301076,1909f56bfc062723c751e8b465ee728b)
Start importing Assets/Art/Modular Pixel Forest/Materials/Temple/Pillar Monkey.mat using Guid(e7b97d331960f4e41a0bcba2b27a13b4) Importer(815301076,1909f56bfc062723c751e8b465ee728b)  -> (artifact id: '442dc74beead79c26150f2f81f6b3751') in 0.052775 seconds 
  Import took 0.058922 seconds .

========================================================================
Received Import Request.
  Time since last request: 0.000514 seconds.
  path: Assets/Art/Modular Pixel Forest/Materials/Temple/Pillar Snake.mat
  artifactKey: Guid(998f85e97b8a0ef43825d455693d40aa) Importer(815301076,1909f56bfc062723c751e8b465ee728b)
Start importing Assets/Art/Modular Pixel Forest/Materials/Temple/Pillar Snake.mat using Guid(998f85e97b8a0ef43825d455693d40aa) Importer(815301076,1909f56bfc062723c751e8b465ee728b)  -> (artifact id: '90546efdc99f349355ada8e5697ccbca') in 0.053671 seconds 
  Import took 0.059841 seconds .

========================================================================
Received Import Request.
  Time since last request: 0.000402 seconds.
  path: Assets/Art/Modular Pixel Forest/Materials/Temple/Temple Block Snow.mat
  artifactKey: Guid(7c827e0ebc9428648973db96a677d390) Importer(815301076,1909f56bfc062723c751e8b465ee728b)
Start importing Assets/Art/Modular Pixel Forest/Materials/Temple/Temple Block Snow.mat using Guid(7c827e0ebc9428648973db96a677d390) Importer(815301076,1909f56bfc062723c751e8b465ee728b)  -> (artifact id: 'daa4983df8e825825cf63478c246268a') in 0.054428 seconds 
  Import took 0.061547 seconds .

========================================================================
Received Import Request.
  Time since last request: 0.000451 seconds.
  path: Assets/Art/Modular Pixel Forest/Materials/Temple/Temple Block Center.mat
  artifactKey: Guid(501deea0e0372ab4a893a6eafb19570c) Importer(815301076,1909f56bfc062723c751e8b465ee728b)
Start importing Assets/Art/Modular Pixel Forest/Materials/Temple/Temple Block Center.mat using Guid(501deea0e0372ab4a893a6eafb19570c) Importer(815301076,1909f56bfc062723c751e8b465ee728b)  -> (artifact id: '19ebbda9652346d514330cba74ada44e') in 0.051887 seconds 
  Import took 0.058165 seconds .

========================================================================
Received Import Request.
  Time since last request: 21.781815 seconds.
  path: Assets/Art/Modular Pixel Forest/Materials/Foliage
  artifactKey: Guid(ac4df97214b751b4b81558ad2a0e335e) Importer(815301076,1909f56bfc062723c751e8b465ee728b)
Start importing Assets/Art/Modular Pixel Forest/Materials/Foliage using Guid(ac4df97214b751b4b81558ad2a0e335e) Importer(815301076,1909f56bfc062723c751e8b465ee728b)  -> (artifact id: '052beae0e64077e646727195961fbf7c') in 0.007716 seconds 
  Import took 0.015482 seconds .

========================================================================
Received Import Request.
  Time since last request: 170.047232 seconds.
  path: Assets/Art/Modular Pixel Forest/Materials
  artifactKey: Guid(15e76412d52eb3044aeaf21ba340a251) Importer(815301076,1909f56bfc062723c751e8b465ee728b)
Start importing Assets/Art/Modular Pixel Forest/Materials using Guid(15e76412d52eb3044aeaf21ba340a251) Importer(815301076,1909f56bfc062723c751e8b465ee728b)  -> (artifact id: 'c636e4c58dccfc6f7d98aa41467cd703') in 0.016833 seconds 
  Import took 0.025662 seconds .

========================================================================
Received Import Request.
  Time since last request: 110.410232 seconds.
  path: Assets/Prefabs/VFX
  artifactKey: Guid(bb0f3f794405f084d9976428bae80977) Importer(815301076,1909f56bfc062723c751e8b465ee728b)
Start importing Assets/Prefabs/VFX using Guid(bb0f3f794405f084d9976428bae80977) Importer(815301076,1909f56bfc062723c751e8b465ee728b)  -> (artifact id: '89c96f4388981d5166aa00bf17b1bfbb') in 0.018018 seconds 
  Import took 0.027817 seconds .

========================================================================
Received Import Request.
  Time since last request: 0.093336 seconds.
  path: Assets/Prefabs/VFX/green_magic_ring.prefab
  artifactKey: Guid(189604e1ec3623840b4a19becaccb8aa) Importer(815301076,1909f56bfc062723c751e8b465ee728b)
Start importing Assets/Prefabs/VFX/green_magic_ring.prefab using Guid(189604e1ec3623840b4a19becaccb8aa) Importer(815301076,1909f56bfc062723c751e8b465ee728b)  -> (artifact id: '7a0438dfa648754a390ddad7aca69e7b') in 0.201714 seconds 
  Import took 0.208832 seconds .

AssetImportWorkerClient::OnTransportError - code=2 error=End of file
